<?xml version="1.0" encoding="UTF-8"?>
<testsuites>
  <testsuite id="0" name="/home/nntai/zigvy/gs-expo-cookiecutter/{{cookiecutter.direction_name}}/reducers/flags/flags.test.js" errors="0" package="/home/phatdv/zigvy/gs-expo-cookiecutter/{{cookiecutter.direction_name}}/reducers/flags/flags.test.js" hostname="localhost" tests="1" failures="0" time="21.822" timestamp="2019-06-06T10:58:00">
    <properties>
    </properties>
    <testcase classname="flags reducer" name="should return the initial state" time="0">
    </testcase>
    <system-out/>
    <system-err/>
  </testsuite>
  <testsuite id="1" name="/home/nntai/zigvy/gs-expo-cookiecutter/{{cookiecutter.direction_name}}/__tests__/App-test.js" errors="0" package="/home/phatdv/zigvy/gs-expo-cookiecutter/{{cookiecutter.direction_name}}/__tests__/App-test.js" hostname="localhost" tests="0" failures="0" time="0" timestamp="1970-01-01T00:00:00">
    <properties>
    </properties>
    <system-out/>
    <system-err/>
  </testsuite>
</testsuites>